<?xml version="1.0" encoding="UTF-8"?>
<testsuite xmlns:xsi="http://www.w3.org/2001/XMLSchema-instance" xsi:noNamespaceSchemaLocation="https://maven.apache.org/surefire/maven-surefire-plugin/xsd/surefire-test-report.xsd" name="suites.Suite" time="94.56" tests="3" errors="1" skipped="0" failures="1">
  <properties>
[...]
</properties>
  <testcase name="realizarLoginComFalha" classname="scripts.RealizaLoginTest" time="34.907"/>
  <testcase name="realizaLoginComSucesso" classname="scripts.RealizaLoginTest" time="31.983">
    <failure message="Checando login expected:&lt;[Logout]&gt; but was:&lt;[Erro]&gt;" type="org.junit.ComparisonFailure"><![CDATA[org.junit.ComparisonFailure: Checando login expected:<[Logout]> but was:<[Erro]>
	at scripts.RealizaLoginTest.realizaLoginComSucesso(RealizaLoginTest.java:82)
]]></failure>
    <system-err><![CDATA[nov 08, 2022 10:34:27 AM org.openqa.selenium.remote.ProtocolHandshake createSession
INFORMAÇÕES: Detected dialect: W3C
]]></system-err>
  </testcase>
  <testcase name="realizarLoginSucesso" classname="scripts.RealizaLoginTest" time="27.661">
    <error message="Dismissed user prompt dialog: Informe sua senha: &#10;Build info: version: &apos;3.141.59&apos;, revision: &apos;e82be7d358&apos;, time: &apos;2018-11-14T08:17:03&apos;&#10;System info: host: &apos;LAPTOP-RTGBPK5V&apos;, ip: &apos;192.168.15.20&apos;, os.name: &apos;Windows 10&apos;, os.arch: &apos;amd64&apos;, os.version: &apos;10.0&apos;, java.version: &apos;1.8.0_281&apos;&#10;Driver info: org.openqa.selenium.firefox.FirefoxDriver&#10;Capabilities {acceptInsecureCerts: true, browserName: firefox, browserVersion: 103.0.2, javascriptEnabled: true, moz:accessibilityChecks: false, moz:buildID: 20220808125904, moz:geckodriverVersion: 0.27.0, moz:headless: false, moz:platformVersion: 10.0, moz:processID: 35972, moz:profile: C:\Users\javan\AppData\Loca..., moz:shutdownTimeout: 60000, moz:useNonSpecCompliantPointerOrigin: false, moz:webdriverClick: true, moz:windowless: false, pageLoadStrategy: normal, platform: WINDOWS, platformName: WINDOWS, proxy: Proxy(), setWindowRect: true, strictFileInteractability: false, timeouts: {implicit: 0, pageLoad: 300000, script: 30000}, unhandledPromptBehavior: dismiss and notify}&#10;Session ID: bd4f9c02-2d4f-44ff-be78-69084ab8b073&#10;*** Element info: {Using=link text, value=Logout}" type="org.openqa.selenium.UnhandledAlertException">org.openqa.selenium.UnhandledAlertException: 
Dismissed user prompt dialog: Informe sua senha: 
Build info: version: '3.141.59', revision: 'e82be7d358', time: '2018-11-14T08:17:03'
System info: host: 'LAPTOP-RTGBPK5V', ip: '192.168.15.20', os.name: 'Windows 10', os.arch: 'amd64', os.version: '10.0', java.version: '1.8.0_281'
Driver info: org.openqa.selenium.firefox.FirefoxDriver
Capabilities {acceptInsecureCerts: true, browserName: firefox, browserVersion: 103.0.2, javascriptEnabled: true, moz:accessibilityChecks: false, moz:buildID: 20220808125904, moz:geckodriverVersion: 0.27.0, moz:headless: false, moz:platformVersion: 10.0, moz:processID: 35972, moz:profile: C:\Users\javan\AppData\Loca..., moz:shutdownTimeout: 60000, moz:useNonSpecCompliantPointerOrigin: false, moz:webdriverClick: true, moz:windowless: false, pageLoadStrategy: normal, platform: WINDOWS, platformName: WINDOWS, proxy: Proxy(), setWindowRect: true, strictFileInteractability: false, timeouts: {implicit: 0, pageLoad: 300000, script: 30000}, unhandledPromptBehavior: dismiss and notify}
Session ID: bd4f9c02-2d4f-44ff-be78-69084ab8b073
*** Element info: {Using=link text, value=Logout}
	at scripts.RealizaLoginTest.realizarLoginSucesso(RealizaLoginTest.java:60)
</error>
    <system-err><![CDATA[nov 08, 2022 10:34:54 AM org.openqa.selenium.remote.ProtocolHandshake createSession
INFORMAÇÕES: Detected dialect: W3C
]]></system-err>
  </testcase>
</testsuite>